[2024-03-20 19:22:27,048 ] 105 root - INFO - starting the pipeline
[2024-03-20 19:22:27,048 ] 39 root - INFO - Starting Data Ingestion
[2024-03-20 19:22:27,048 ] 24 root - INFO - saving data into the feature store
[2024-03-20 19:22:27,048 ] 16 root - INFO - create class object
[2024-03-20 19:22:27,067 ] 33 root - INFO - saved the data to the feature store file
[2024-03-20 19:22:27,073 ] 36 root - INFO - scraped data saved
[2024-03-20 19:22:27,073 ] 42 root - INFO - Data Ingestion completed and artifact: DataIngestionArtifact(data_file_path='artifact/03-20-2024_19_22_26/data_ingestion/feature_store/courserecom.csv')
[2024-03-20 19:22:27,073 ] 109 root - INFO - data ingestion completed
[2024-03-20 19:22:27,082 ] 64 root - INFO - validating number of columns in the dataframe
[2024-03-20 19:22:27,082 ] 29 root - INFO - required number of columns: 19
[2024-03-20 19:22:27,082 ] 30 root - INFO - columns in the dataframe: 19
[2024-03-20 19:22:27,091 ] 75 root - INFO - Data validation artifact: DataValidationArtifact(validation_status=True, valid_file_path='artifact/03-20-2024_19_22_26/data_validation/validated', valid_file_name='artifact/03-20-2024_19_22_26/data_validation/validated/valid_data.csv')
[2024-03-20 19:22:27,092 ] 111 root - INFO - data validation completed
[2024-03-20 19:22:27,092 ] 68 root - INFO - reading the data file
[2024-03-20 19:22:27,127 ] 80 root - INFO - file read and transformed. Saving the transformed data file
[2024-03-20 19:22:27,139 ] 92 root - INFO - data transformation complete and file saved
[2024-03-20 19:22:27,139 ] 113 root - INFO - data transformation completed
[2024-03-20 19:22:27,139 ] 54 root - INFO - starting model training
[2024-03-20 19:22:27,169 ] 64 root - INFO - model training completed
[2024-03-20 19:22:27,170 ] 37 root - INFO - initiating model pushing to save the model
[2024-03-20 19:22:27,173 ] 50 root - INFO - successfully saved the model in the location
[2024-03-20 19:22:27,173 ] 117 root - INFO - model saved
